<?xml version="1.0" encoding="UTF-8"?>
<testsuite xmlns:xsi="http://www.w3.org/2001/XMLSchema-instance" xsi:noNamespaceSchemaLocation="https://maven.apache.org/surefire/maven-surefire-plugin/xsd/surefire-test-report-3.0.xsd" version="3.0" name="testrunner.TestRunner" time="16.374" tests="4" errors="0" skipped="0" failures="0">
  <properties>
[...]
</properties>
  <testcase name="Verify new place is added successfully into Google Maps #1" classname="Place API" time="5.827">
    <system-out><![CDATA[HTTP/1.1 200 OK
Date: Wed, 13 Dec 2023 10:46:48 GMT
Server: Apache/2.4.52 (Ubuntu)
Access-Control-Allow-Origin: *
Access-Control-Allow-Methods: POST
Access-Control-Max-Age: 3600
Access-Control-Allow-Headers: Content-Type, Access-Control-Allow-Headers, Authorization, X-Requested-With
Content-Length: 194
Keep-Alive: timeout=5, max=100
Connection: Keep-Alive
Content-Type: application/json;charset=UTF-8

{
    "status": "OK",
    "place_id": "9c24539a5bd4d55279cb465126b8f404",
    "scope": "APP",
    "reference": "d52fbf154188e04eee3a7d1753f38572d52fbf154188e04eee3a7d1753f38572",
    "id": "d52fbf154188e04eee3a7d1753f38572"
}
]]></system-out>
    <system-err><![CDATA[Dec 13, 2023 4:16:42 PM io.cucumber.core.options.CucumberPropertiesParser lambda$warnWhenCucumberOptionsIsUsed$2
WARNING: Passing commandline options via the property 'cucumber.options' is no longer supported. Please use individual properties instead. See the java doc on io.cucumber.core.options.Constants for details.
]]></system-err>
  </testcase>
  <testcase name="Verify new place is added successfully into Google Maps #2" classname="Place API" time="2.911">
    <system-out><![CDATA[HTTP/1.1 200 OK
Date: Wed, 13 Dec 2023 10:46:51 GMT
Server: Apache/2.4.52 (Ubuntu)
Access-Control-Allow-Origin: *
Access-Control-Allow-Methods: POST
Access-Control-Max-Age: 3600
Access-Control-Allow-Headers: Content-Type, Access-Control-Allow-Headers, Authorization, X-Requested-With
Content-Length: 194
Keep-Alive: timeout=5, max=100
Connection: Keep-Alive
Content-Type: application/json;charset=UTF-8

{
    "status": "OK",
    "place_id": "001407d6c7f86a8033e39d7144a26c2e",
    "scope": "APP",
    "reference": "9476df9788e6bf4f9151550185786f7b9476df9788e6bf4f9151550185786f7b",
    "id": "9476df9788e6bf4f9151550185786f7b"
}
]]></system-out>
  </testcase>
  <testcase name="Verify new place is added successfully into Google Maps #3" classname="Place API" time="2.138">
    <system-out><![CDATA[HTTP/1.1 200 OK
Date: Wed, 13 Dec 2023 10:46:53 GMT
Server: Apache/2.4.52 (Ubuntu)
Access-Control-Allow-Origin: *
Access-Control-Allow-Methods: POST
Access-Control-Max-Age: 3600
Access-Control-Allow-Headers: Content-Type, Access-Control-Allow-Headers, Authorization, X-Requested-With
Content-Length: 194
Keep-Alive: timeout=5, max=100
Connection: Keep-Alive
Content-Type: application/json;charset=UTF-8

{
    "status": "OK",
    "place_id": "53ccaa630a536186e7ce2b4f19363989",
    "scope": "APP",
    "reference": "f2bc8b694a56bc3d9e63223f2432a482f2bc8b694a56bc3d9e63223f2432a482",
    "id": "f2bc8b694a56bc3d9e63223f2432a482"
}
]]></system-out>
  </testcase>
  <testcase name="Verify if delete place API is working" classname="Place API" time="4.209">
    <system-out><![CDATA[HTTP/1.1 200 OK
Date: Wed, 13 Dec 2023 10:46:57 GMT
Server: Apache/2.4.52 (Ubuntu)
Access-Control-Allow-Origin: *
Access-Control-Allow-Methods: POST
Access-Control-Max-Age: 3600
Access-Control-Allow-Headers: Content-Type, Access-Control-Allow-Headers, Authorization, X-Requested-With
Content-Length: 0
Keep-Alive: timeout=5, max=100
Connection: Keep-Alive
Content-Type: application/json; charset=UTF-8
]]></system-out>
  </testcase>
</testsuite>